<?xml version="1.0" encoding="UTF-8"?>
<!-- Generated by org.testng.reporters.JUnitXMLReporter -->
<testsuite ignored="2" hostname="DESKTOP-6ITAQL4" failures="0" tests="2" name="Test" time="0.101" errors="0" timestamp="2024-06-28T15:29:51 IST">
  <testcase classname="demo_package.Groups" name="t3" time="0.017"/>
  <testcase classname="demo_package.Groups" name="t4" time="0.003"/>
  <testcase classname="demo_package.Groups" name="t1" time="0.0">
    <ignored/>
  </testcase> <!-- t1 -->
  <testcase classname="demo_package.Groups" name="t2" time="0.0">
    <ignored/>
  </testcase> <!-- t2 -->
</testsuite> <!-- Test -->
